\BOOKMARK [0][]{chapter.1}{\376\377\0001\000\040\000I\000n\000t\000r\000o\000d\000u\000c\000t\000i\000o\000n}{}% 1
\BOOKMARK [1][]{section.1.1}{\376\377\0001\000.\0001\000\040\000C\000o\000n\000t\000e\000n\000t}{chapter.1}% 2
\BOOKMARK [1][]{section.1.2}{\376\377\0001\000.\0002\000\040\000B\000a\000s\000i\000c\000\040\000c\000o\000m\000m\000a\000n\000d\000s}{chapter.1}% 3
\BOOKMARK [1][]{section.1.3}{\376\377\0001\000.\0003\000\040\000E\000q\000u\000a\000t\000i\000o\000n}{chapter.1}% 4
\BOOKMARK [1][]{section.1.4}{\376\377\0001\000.\0004\000\040\000F\000i\000g\000u\000r\000e}{chapter.1}% 5
\BOOKMARK [1][]{section.1.5}{\376\377\0001\000.\0005\000\040\000T\000a\000b\000l\000e}{chapter.1}% 6
\BOOKMARK [1][]{section.1.6}{\376\377\0001\000.\0006\000\040\000A\000l\000g\000o\000r\000i\000t\000h\000m}{chapter.1}% 7
\BOOKMARK [1][]{section.1.7}{\376\377\0001\000.\0007\000\040\000H\000i\000s\000t\000o\000r\000i\000c\000a\000l\000\040\000b\000a\000c\000k\000g\000r\000o\000u\000n\000d}{chapter.1}% 8
\BOOKMARK [2][]{subsection.1.7.1}{\376\377\0001\000.\0007\000.\0001\000\040\000M\000a\000r\000i\000n\000e\000\040\000r\000o\000b\000o\000t\000i\000c\000s}{section.1.7}% 9
\BOOKMARK [2][]{subsection.1.7.2}{\376\377\0001\000.\0007\000.\0002\000\040\000A\000u\000t\000o\000n\000o\000m\000o\000u\000s\000\040\000n\000a\000v\000i\000g\000a\000t\000i\000o\000n}{section.1.7}% 10
\BOOKMARK [2][]{subsection.1.7.3}{\376\377\0001\000.\0007\000.\0003\000\040\000U\000n\000d\000e\000r\000w\000a\000t\000e\000r\000\040\000m\000i\000s\000s\000i\000o\000n\000\040\000i\000n\000\040\000s\000e\000a\000b\000e\000d\000\040\000i\000n\000s\000p\000e\000c\000t\000i\000o\000n}{section.1.7}% 11
\BOOKMARK [1][]{section.1.8}{\376\377\0001\000.\0008\000\040\000M\000o\000t\000i\000v\000a\000t\000i\000o\000n}{chapter.1}% 12
\BOOKMARK [1][]{section.1.9}{\376\377\0001\000.\0009\000\040\000P\000r\000o\000b\000l\000e\000m\000\040\000s\000t\000a\000t\000e\000m\000e\000n\000t}{chapter.1}% 13
\BOOKMARK [1][]{section.1.10}{\376\377\0001\000.\0001\0000\000\040\000P\000r\000e\000v\000i\000o\000u\000s\000\040\000w\000o\000r\000k\000\040\000a\000n\000d\000\040\000m\000a\000i\000n\000\040\000c\000o\000n\000t\000r\000i\000b\000u\000t\000i\000o\000n}{chapter.1}% 14
\BOOKMARK [2][]{subsection.1.10.1}{\376\377\0001\000.\0001\0000\000.\0001\000\040\000T\000e\000r\000r\000a\000i\000n\000\040\000t\000r\000a\000c\000k\000i\000n\000g\000\040\000t\000y\000p\000e\000s}{section.1.10}% 15
\BOOKMARK [2][]{subsection.1.10.2}{\376\377\0001\000.\0001\0000\000.\0002\000\040\000E\000K\000F\000\040\000a\000n\000d\000\040\000e\000c\000h\000o\000s\000o\000n\000a\000r\000\040\000u\000s\000a\000g\000e}{section.1.10}% 16
\BOOKMARK [2][]{subsection.1.10.3}{\376\377\0001\000.\0001\0000\000.\0003\000\040\000S\000e\000n\000s\000o\000r\000s\000\040\000i\000n\000\040\000A\000U\000V}{section.1.10}% 17
\BOOKMARK [1][]{section.1.11}{\376\377\0001\000.\0001\0001\000\040\000T\000h\000e\000s\000i\000s\000\040\000o\000u\000t\000l\000i\000n\000e}{chapter.1}% 18
\BOOKMARK [0][]{chapter.2}{\376\377\0002\000\040\000B\000a\000c\000k\000g\000r\000o\000u\000n\000d}{}% 19
\BOOKMARK [1][]{section.2.1}{\376\377\0002\000.\0001\000\040\000D\000y\000n\000a\000m\000i\000c\000s\000\040\000o\000f\000\040\000u\000n\000d\000e\000r\000w\000a\000t\000e\000r\000\040\000v\000e\000h\000i\000c\000l\000e\000s}{chapter.2}% 20
\BOOKMARK [2][]{subsection.2.1.1}{\376\377\0002\000.\0001\000.\0001\000\040\000R\000e\000f\000e\000r\000e\000n\000c\000e\000\040\000f\000r\000a\000m\000e\000s\000\040\000a\000n\000d\000\040\000n\000a\000m\000i\000n\000g\000\040\000c\000o\000n\000v\000e\000n\000t\000i\000o\000n\000s}{section.2.1}% 21
\BOOKMARK [2][]{subsection.2.1.2}{\376\377\0002\000.\0001\000.\0002\000\040\000K\000i\000n\000e\000m\000a\000t\000i\000c\000s}{section.2.1}% 22
\BOOKMARK [2][]{subsection.2.1.3}{\376\377\0002\000.\0001\000.\0003\000\040\000D\000y\000n\000a\000m\000i\000c\000s}{section.2.1}% 23
\BOOKMARK [1][]{section.2.2}{\376\377\0002\000.\0002\000\040\000S\000e\000n\000s\000o\000r\000s}{chapter.2}% 24
\BOOKMARK [2][]{subsection.2.2.1}{\376\377\0002\000.\0002\000.\0001\000\040\000S\000e\000n\000s\000o\000r\000s\000\040\000f\000o\000r\000\040\000d\000e\000a\000d\000\040\000r\000e\000c\000k\000o\000n\000i\000n\000g}{section.2.2}% 25
\BOOKMARK [2][]{subsection.2.2.2}{\376\377\0002\000.\0002\000.\0002\000\040\000A\000t\000t\000i\000t\000u\000d\000e\000\040\000a\000n\000d\000\040\000h\000e\000a\000d\000i\000n\000g\000\040\000r\000e\000f\000e\000r\000e\000n\000c\000e\000\040\000s\000y\000s\000t\000e\000m}{section.2.2}% 26
\BOOKMARK [2][]{subsection.2.2.3}{\376\377\0002\000.\0002\000.\0003\000\040\000D\000o\000p\000p\000l\000e\000r\000\040\000V\000e\000l\000o\000c\000i\000t\000y\000\040\000L\000o\000g\000\040\000\050\000D\000V\000L\000\051}{section.2.2}% 27
\BOOKMARK [2][]{subsection.2.2.4}{\376\377\0002\000.\0002\000.\0004\000\040\000E\000c\000h\000o\000s\000o\000u\000n\000d\000e\000r}{section.2.2}% 28
\BOOKMARK [1][]{section.2.3}{\376\377\0002\000.\0003\000\040\000B\000l\000u\000e\000R\000o\000v\0002\000\040\000A\000U\000V}{chapter.2}% 29
\BOOKMARK [0][]{chapter.3}{\376\377\0003\000\040\000M\000e\000t\000h\000o\000d\000o\000l\000o\000g\000y}{}% 30
\BOOKMARK [0][]{chapter.4}{\376\377\0004\000\040\000S\000o\000f\000t\000w\000a\000r\000e\000\040\000A\000r\000c\000h\000i\000t\000e\000c\000t\000u\000r\000e}{}% 31
\BOOKMARK [0][]{chapter.5}{\376\377\0005\000\040\000R\000e\000s\000u\000l\000t\000s\000\040\000a\000n\000d\000\040\000S\000i\000m\000u\000l\000a\000t\000i\000o\000n\000s}{}% 32
\BOOKMARK [0][]{chapter.6}{\376\377\0006\000\040\000C\000o\000n\000c\000l\000u\000s\000i\000o\000n\000s}{}% 33
\BOOKMARK [0][]{appendix.A}{\376\377\000A\000\040\000E\000x\000t\000r\000a}{}% 34
\BOOKMARK [0][]{appendix*.3}{\376\377\000R\000e\000f\000e\000r\000e\000n\000c\000e\000s}{}% 35
